Arguments: 
  C:\Program Files\nodejs\node.exe C:\Users\Ariel\AppData\Roaming\npm\node_modules\yarn\bin\yarn.js add svelte-scrolling

PATH: 
  C:\Program Files\Common Files\Oracle\Java\javapath;C:\Program Files (x86)\Common Files\Oracle\Java\javapath;C:\Windows\system32;C:\Windows;C:\Windows\System32\Wbem;C:\Windows\System32\WindowsPowerShell\v1.0\;C:\Windows\System32\OpenSSH\;C:\Program Files\Java\jdk-17.0.2\bin;C:\Program Files (x86)\NVIDIA Corporation\PhysX\Common;C:\WINDOWS\system32;C:\WINDOWS;C:\WINDOWS\System32\Wbem;C:\WINDOWS\System32\WindowsPowerShell\v1.0\;C:\WINDOWS\System32\OpenSSH\;C:\Program Files\nodejs\;C:\Program Files\Git\cmd;D:\Projects\Languages\C++\mingw64\bin;C:\Program Files\dotnet\;C:\mingw64\bin;C:\ProgramData\chocolatey\bin;C:\Program Files\Vim\vim90;C:\Program Files\lua-5.4.2_Win64_bin;C:\Users\Ariel\AppData\Local\Programs\Python\Python311\Scripts\;C:\Users\Ariel\AppData\Local\Programs\Python\Python311\;C:\Users\Ariel\AppData\Local\Microsoft\PowerAppsCLI\;C:\Users\Ariel\AppData\Local\Microsoft\WindowsApps;C:\Program Files\JetBrains\PyCharm Community Edition 2023.1.3\bin;;C:\Users\Ariel\AppData\Local\Programs\Microsoft VS Code\bin;C:\Users\Ariel\AppData\Roaming\npm;D:\Program Files\Microsoft Visual Studio\2022\Community\MSBuild\Current\Bin;D:\Projects\flutter_windows_3.3.5-stable\flutter\bin;C:\php;D:\Projects\Languages\C++\mingw64\bin;C:\Users\Ariel\.dotnet\tools;C:\Program Files\Neovim\bin

Yarn version: 
  1.22.19

Node version: 
  16.15.1

Platform: 
  win32 x64

Trace: 
  Error: 15280:error:1408F119:SSL routines:ssl3_get_record:decryption failed or bad record mac:c:\ws\deps\openssl\openssl\ssl\record\ssl3_record.c:677:

npm manifest: 
  {
  	"name": "my-app",
  	"version": "0.0.1",
  	"scripts": {
  		"dev": "vite dev",
  		"build": "vite build",
  		"preview": "vite preview",
  		"check": "svelte-kit sync && svelte-check --tsconfig ./jsconfig.json",
  		"check:watch": "svelte-kit sync && svelte-check --tsconfig ./jsconfig.json --watch"
  	},
  	"devDependencies": {
  		"@fontsource/fira-mono": "^4.5.10",
  		"@neoconfetti/svelte": "^1.0.0",
  		"@sveltejs/adapter-auto": "^2.0.0",
  		"@sveltejs/kit": "^1.20.4",
  		"@types/cookie": "^0.5.1",
  		"autoprefixer": "^10.4.14",
  		"postcss": "^8.4.26",
  		"svelte": "^4.0.5",
  		"svelte-check": "^3.4.3",
  		"tailwindcss": "^3.3.3",
  		"typescript": "^5.0.0",
  		"vite": "^4.4.2"
  	},
  	"type": "module"
  }

yarn manifest: 
  No manifest

Lockfile: 
  No lockfile
